  Source.cpp
C:\Users\User\Desktop\大學C語言\0523CPE\0523CPE\Source.cpp(7,15): warning C4477: 'scanf' : 格式字串 '%d' 需要 'int *' 類型的引數，但 variadic 引數 1 的類型為 '__int64 *'
C:\Users\User\Desktop\大學C語言\0523CPE\0523CPE\Source.cpp(7,15): message : 請考慮在格式字串中使用 '%lld'
C:\Users\User\Desktop\大學C語言\0523CPE\0523CPE\Source.cpp(7,15): message : 請考慮在格式字串中使用 '%Id'
C:\Users\User\Desktop\大學C語言\0523CPE\0523CPE\Source.cpp(7,15): message : 請考慮在格式字串中使用 '%I64d'
C:\Users\User\Desktop\大學C語言\0523CPE\0523CPE\Source.cpp(11,12): warning C4477: 'printf' : 格式字串 '%d' 需要 'int' 類型的引數，但 variadic 引數 1 的類型為 '__int64'
C:\Users\User\Desktop\大學C語言\0523CPE\0523CPE\Source.cpp(11,12): message : 請考慮在格式字串中使用 '%lld'
C:\Users\User\Desktop\大學C語言\0523CPE\0523CPE\Source.cpp(11,12): message : 請考慮在格式字串中使用 '%Id'
C:\Users\User\Desktop\大學C語言\0523CPE\0523CPE\Source.cpp(11,12): message : 請考慮在格式字串中使用 '%I64d'
C:\Users\User\Desktop\大學C語言\0523CPE\0523CPE\Source.cpp(14,14): warning C4477: 'printf' : 格式字串 '%d' 需要 'int' 類型的引數，但 variadic 引數 1 的類型為 '__int64'
C:\Users\User\Desktop\大學C語言\0523CPE\0523CPE\Source.cpp(14,14): message : 請考慮在格式字串中使用 '%lld'
C:\Users\User\Desktop\大學C語言\0523CPE\0523CPE\Source.cpp(14,14): message : 請考慮在格式字串中使用 '%Id'
C:\Users\User\Desktop\大學C語言\0523CPE\0523CPE\Source.cpp(14,14): message : 請考慮在格式字串中使用 '%I64d'
C:\Users\User\Desktop\大學C語言\0523CPE\0523CPE\Source.cpp(17,14): warning C4477: 'printf' : 格式字串 '%d' 需要 'int' 類型的引數，但 variadic 引數 1 的類型為 '__int64'
C:\Users\User\Desktop\大學C語言\0523CPE\0523CPE\Source.cpp(17,14): message : 請考慮在格式字串中使用 '%lld'
C:\Users\User\Desktop\大學C語言\0523CPE\0523CPE\Source.cpp(17,14): message : 請考慮在格式字串中使用 '%Id'
C:\Users\User\Desktop\大學C語言\0523CPE\0523CPE\Source.cpp(17,14): message : 請考慮在格式字串中使用 '%I64d'
C:\Users\User\Desktop\大學C語言\0523CPE\0523CPE\Source.cpp(19,15): warning C4477: 'printf' : 格式字串 '%d' 需要 'int' 類型的引數，但 variadic 引數 1 的類型為 '__int64'
C:\Users\User\Desktop\大學C語言\0523CPE\0523CPE\Source.cpp(19,15): message : 請考慮在格式字串中使用 '%lld'
C:\Users\User\Desktop\大學C語言\0523CPE\0523CPE\Source.cpp(19,15): message : 請考慮在格式字串中使用 '%Id'
C:\Users\User\Desktop\大學C語言\0523CPE\0523CPE\Source.cpp(19,15): message : 請考慮在格式字串中使用 '%I64d'
C:\Users\User\Desktop\大學C語言\0523CPE\0523CPE\Source.cpp(22,15): warning C4477: 'printf' : 格式字串 '%d' 需要 'int' 類型的引數，但 variadic 引數 1 的類型為 '__int64'
C:\Users\User\Desktop\大學C語言\0523CPE\0523CPE\Source.cpp(22,15): message : 請考慮在格式字串中使用 '%lld'
C:\Users\User\Desktop\大學C語言\0523CPE\0523CPE\Source.cpp(22,15): message : 請考慮在格式字串中使用 '%Id'
C:\Users\User\Desktop\大學C語言\0523CPE\0523CPE\Source.cpp(22,15): message : 請考慮在格式字串中使用 '%I64d'
C:\Users\User\Desktop\大學C語言\0523CPE\0523CPE\Source.cpp(25,14): warning C4477: 'printf' : 格式字串 '%d' 需要 'int' 類型的引數，但 variadic 引數 1 的類型為 '__int64'
C:\Users\User\Desktop\大學C語言\0523CPE\0523CPE\Source.cpp(25,14): message : 請考慮在格式字串中使用 '%lld'
C:\Users\User\Desktop\大學C語言\0523CPE\0523CPE\Source.cpp(25,14): message : 請考慮在格式字串中使用 '%Id'
C:\Users\User\Desktop\大學C語言\0523CPE\0523CPE\Source.cpp(25,14): message : 請考慮在格式字串中使用 '%I64d'
C:\Users\User\Desktop\大學C語言\0523CPE\0523CPE\Source.cpp(28,13): warning C4477: 'printf' : 格式字串 '%d' 需要 'int' 類型的引數，但 variadic 引數 1 的類型為 '__int64'
C:\Users\User\Desktop\大學C語言\0523CPE\0523CPE\Source.cpp(28,13): message : 請考慮在格式字串中使用 '%lld'
C:\Users\User\Desktop\大學C語言\0523CPE\0523CPE\Source.cpp(28,13): message : 請考慮在格式字串中使用 '%Id'
C:\Users\User\Desktop\大學C語言\0523CPE\0523CPE\Source.cpp(28,13): message : 請考慮在格式字串中使用 '%I64d'
C:\Users\User\Desktop\大學C語言\0523CPE\0523CPE\Source.cpp(31,12): warning C4477: 'printf' : 格式字串 '%d' 需要 'int' 類型的引數，但 variadic 引數 1 的類型為 '__int64'
C:\Users\User\Desktop\大學C語言\0523CPE\0523CPE\Source.cpp(31,12): message : 請考慮在格式字串中使用 '%lld'
C:\Users\User\Desktop\大學C語言\0523CPE\0523CPE\Source.cpp(31,12): message : 請考慮在格式字串中使用 '%Id'
C:\Users\User\Desktop\大學C語言\0523CPE\0523CPE\Source.cpp(31,12): message : 請考慮在格式字串中使用 '%I64d'
  0523CPE.vcxproj -> C:\Users\User\Desktop\大學C語言\0523CPE\x64\Debug\0523CPE.exe
